2023-03-16 12:43:18 [INFO] Creating a connection function
2023-03-16 12:43:18 [INFO] Trying to establish connection
2023-03-16 12:43:18 [INFO] connection established
2023-03-16 12:43:18 [INFO] In the first try block
2023-03-16 12:43:18 [INFO] just entered the main loop
2023-03-16 12:43:18 [INFO] just entered the main loop
2023-03-16 12:43:18 [INFO] just entered the main loop
2023-03-16 12:43:19 [INFO] just entered the main loop
2023-03-16 12:43:19 [INFO] just entered the main loop
2023-03-16 12:43:19 [INFO] just entered the main loop
2023-03-16 12:43:19 [INFO] just entered the main loop
2023-03-16 12:43:19 [INFO] just entered the main loop
2023-03-16 12:43:20 [INFO] just entered the main loop
2023-03-16 12:43:20 [INFO] just entered the main loop
2023-03-16 12:43:20 [INFO] just entered the main loop
2023-03-16 12:43:20 [INFO] just entered the main loop
2023-03-16 12:43:20 [INFO] just entered the main loop
2023-03-16 12:43:21 [INFO] just entered the main loop
2023-03-16 12:43:21 [INFO] just entered the main loop
2023-03-16 12:43:21 [INFO] just entered the main loop
2023-03-16 12:43:21 [INFO] just entered the main loop
2023-03-16 12:43:21 [INFO] just entered the main loop
2023-03-16 12:43:22 [INFO] just entered the main loop
2023-03-16 12:43:22 [INFO] just entered the main loop
2023-03-16 12:43:22 [INFO] just entered the main loop
2023-03-16 12:43:22 [INFO] just entered the main loop
2023-03-16 12:43:22 [INFO] just entered the main loop
2023-03-16 12:43:23 [INFO] just entered the main loop
2023-03-16 12:43:23 [INFO] just entered the main loop
2023-03-16 12:43:23 [INFO] just entered the main loop
2023-03-16 12:43:23 [INFO] just entered the main loop
2023-03-16 12:43:23 [INFO] just entered the main loop
2023-03-16 12:43:24 [INFO] just entered the main loop
2023-03-16 12:43:24 [INFO] just entered the main loop
2023-03-16 12:43:24 [INFO] just entered the main loop
2023-03-16 12:43:24 [INFO] just entered the main loop
2023-03-16 12:43:24 [INFO] just entered the main loop
2023-03-16 12:43:25 [INFO] just entered the main loop
2023-03-16 12:43:25 [INFO] just entered the main loop
2023-03-16 12:43:25 [INFO] just entered the main loop
2023-03-16 12:43:25 [INFO] just entered the main loop
2023-03-16 12:43:25 [INFO] just entered the main loop
2023-03-16 12:43:26 [INFO] just entered the main loop
2023-03-16 12:43:26 [INFO] just entered the main loop
2023-03-16 12:43:26 [INFO] just entered the main loop
2023-03-16 12:43:26 [INFO] just entered the main loop
2023-03-16 12:43:26 [INFO] just entered the main loop
2023-03-16 12:43:27 [INFO] just entered the main loop
2023-03-16 12:43:27 [INFO] just entered the main loop
2023-03-16 12:43:27 [INFO] just entered the main loop
2023-03-16 12:43:27 [INFO] just entered the main loop
2023-03-16 12:43:28 [INFO] just entered the main loop
2023-03-16 12:43:28 [INFO] just entered the main loop
2023-03-16 12:43:28 [INFO] just entered the main loop
2023-03-16 12:43:28 [INFO] just entered the main loop
2023-03-16 12:43:28 [INFO] just entered the main loop
2023-03-16 12:43:29 [INFO] just entered the main loop
2023-03-16 12:43:29 [INFO] just entered the main loop
2023-03-16 12:43:29 [INFO] just entered the main loop
2023-03-16 12:43:29 [INFO] just entered the main loop
2023-03-16 12:43:29 [INFO] just entered the main loop
2023-03-16 12:43:30 [INFO] just entered the main loop
2023-03-16 12:43:30 [INFO] just entered the main loop
2023-03-16 12:43:30 [INFO] just entered the main loop
2023-03-16 12:43:30 [INFO] just entered the main loop
2023-03-16 12:43:30 [INFO] just entered the main loop
2023-03-16 12:43:31 [INFO] just entered the main loop
2023-03-16 12:43:31 [INFO] just entered the main loop
2023-03-16 12:43:31 [INFO] just entered the main loop
2023-03-16 12:43:31 [INFO] just entered the main loop
2023-03-16 12:43:31 [INFO] just entered the main loop
2023-03-16 12:43:32 [INFO] just entered the main loop
2023-03-16 12:43:32 [INFO] just entered the main loop
2023-03-16 12:43:32 [INFO] just entered the main loop
2023-03-16 12:43:32 [INFO] just entered the main loop
2023-03-16 12:43:32 [INFO] just entered the main loop
2023-03-16 12:43:33 [INFO] just entered the main loop
2023-03-16 12:43:33 [INFO] just entered the main loop
2023-03-16 12:43:33 [INFO] just entered the main loop
2023-03-16 12:43:33 [INFO] just entered the main loop
2023-03-16 12:43:33 [INFO] just entered the main loop
2023-03-16 12:43:34 [INFO] just entered the main loop
2023-03-16 12:43:34 [INFO] just entered the main loop
2023-03-16 12:43:34 [INFO] just entered the main loop
2023-03-16 12:43:34 [INFO] just entered the main loop
2023-03-16 12:43:34 [INFO] just entered the main loop
2023-03-16 12:43:35 [INFO] just entered the main loop
2023-03-16 12:43:35 [INFO] just entered the main loop
2023-03-16 12:43:35 [INFO] just entered the main loop
2023-03-16 12:43:35 [INFO] just entered the main loop
2023-03-16 12:43:36 [INFO] just entered the main loop
2023-03-16 12:43:36 [INFO] just entered the main loop
2023-03-16 12:43:36 [INFO] just entered the main loop
2023-03-16 12:43:36 [INFO] just entered the main loop
2023-03-16 12:43:36 [INFO] just entered the main loop
2023-03-16 12:43:37 [INFO] just entered the main loop
2023-03-16 12:43:37 [INFO] just entered the main loop
2023-03-16 12:43:37 [INFO] just entered the main loop
2023-03-16 12:43:37 [INFO] just entered the main loop
2023-03-16 12:43:37 [INFO] just entered the main loop
2023-03-16 12:43:38 [INFO] just entered the main loop
2023-03-16 12:43:38 [INFO] just entered the main loop
2023-03-16 12:43:38 [INFO] just entered the main loop
2023-03-16 12:43:38 [INFO] just entered the main loop
2023-03-16 12:43:38 [INFO] just entered the main loop
2023-03-16 12:43:39 [INFO] just entered the main loop
2023-03-16 12:43:39 [INFO] just entered the main loop
2023-03-16 12:43:39 [INFO] just entered the main loop
2023-03-16 12:43:39 [INFO] just entered the main loop
2023-03-16 12:43:39 [INFO] just entered the main loop
2023-03-16 12:43:40 [INFO] just entered the main loop
2023-03-16 12:43:40 [INFO] just entered the main loop
2023-03-16 12:43:40 [INFO] just entered the main loop
2023-03-16 12:43:40 [INFO] just entered the main loop
2023-03-16 12:43:40 [INFO] just entered the main loop
2023-03-16 12:43:41 [INFO] just entered the main loop
2023-03-16 12:43:41 [INFO] just entered the main loop
2023-03-16 12:43:41 [INFO] just entered the main loop
2023-03-16 12:43:41 [INFO] just entered the main loop
2023-03-16 12:43:41 [INFO] just entered the main loop
2023-03-16 12:43:42 [INFO] just entered the main loop
2023-03-16 12:43:42 [INFO] just entered the main loop
2023-03-16 12:43:42 [INFO] just entered the main loop
2023-03-16 12:43:42 [INFO] just entered the main loop
2023-03-16 12:43:42 [INFO] just entered the main loop
2023-03-16 12:43:43 [INFO] just entered the main loop
2023-03-16 12:43:43 [INFO] just entered the main loop
2023-03-16 12:43:43 [INFO] just entered the main loop
2023-03-16 12:43:43 [INFO] just entered the main loop
2023-03-16 12:43:43 [INFO] just entered the main loop
2023-03-16 12:43:44 [INFO] just entered the main loop
2023-03-16 12:43:44 [INFO] just entered the main loop
2023-03-16 12:43:44 [INFO] just entered the main loop
2023-03-16 12:43:44 [INFO] just entered the main loop
2023-03-16 12:43:45 [INFO] just entered the main loop
2023-03-16 12:43:45 [INFO] just entered the main loop
2023-03-16 12:43:45 [INFO] just entered the main loop
2023-03-16 12:43:45 [INFO] just entered the main loop
2023-03-16 12:43:45 [INFO] just entered the main loop
2023-03-16 12:43:46 [INFO] just entered the main loop
2023-03-16 12:43:46 [INFO] just entered the main loop
2023-03-16 12:43:46 [INFO] just entered the main loop
2023-03-16 12:43:46 [INFO] just entered the main loop
2023-03-16 12:43:46 [INFO] just entered the main loop
2023-03-16 12:43:47 [INFO] just entered the main loop
2023-03-16 12:43:47 [INFO] just entered the main loop
2023-03-16 12:43:47 [INFO] just entered the main loop
2023-03-16 12:43:47 [INFO] just entered the main loop
2023-03-16 12:43:47 [INFO] just entered the main loop
2023-03-16 12:43:48 [INFO] just entered the main loop
2023-03-16 12:43:48 [INFO] just entered the main loop
2023-03-16 12:43:48 [INFO] just entered the main loop
2023-03-16 12:43:48 [INFO] just entered the main loop
2023-03-16 12:43:48 [INFO] just entered the main loop
2023-03-16 12:43:49 [INFO] just entered the main loop
2023-03-16 12:43:49 [INFO] just entered the main loop
2023-03-16 12:43:49 [INFO] just entered the main loop
2023-03-16 12:43:49 [INFO] just entered the main loop
2023-03-16 12:43:49 [INFO] just entered the main loop
2023-03-16 12:43:50 [INFO] just entered the main loop
2023-03-16 12:43:50 [INFO] just entered the main loop
2023-03-16 12:43:50 [INFO] just entered the main loop
2023-03-16 12:43:50 [INFO] just entered the main loop
2023-03-16 12:43:50 [INFO] just entered the main loop
2023-03-16 12:43:51 [INFO] just entered the main loop
2023-03-16 12:43:51 [INFO] just entered the main loop
2023-03-16 12:43:51 [INFO] just entered the main loop
2023-03-16 12:43:51 [INFO] just entered the main loop
2023-03-16 12:43:51 [INFO] just entered the main loop
2023-03-16 12:43:52 [INFO] just entered the main loop
2023-03-16 12:43:52 [INFO] just entered the main loop
2023-03-16 12:43:52 [INFO] just entered the main loop
2023-03-16 12:43:52 [INFO] just entered the main loop
2023-03-16 12:43:52 [INFO] just entered the main loop
2023-03-16 12:43:53 [INFO] just entered the main loop
2023-03-16 12:43:53 [INFO] just entered the main loop
2023-03-16 12:43:53 [INFO] just entered the main loop
2023-03-16 12:43:53 [INFO] just entered the main loop
2023-03-16 12:43:53 [INFO] just entered the main loop
2023-03-16 12:43:54 [INFO] just entered the main loop
2023-03-16 12:43:54 [INFO] just entered the main loop
2023-03-16 12:43:54 [INFO] just entered the main loop
2023-03-16 12:43:54 [INFO] just entered the main loop
2023-03-16 12:43:54 [INFO] just entered the main loop
2023-03-16 12:43:55 [INFO] just entered the main loop
2023-03-16 12:43:55 [INFO] just entered the main loop
2023-03-16 12:43:55 [INFO] just entered the main loop
2023-03-16 12:43:55 [INFO] just entered the main loop
2023-03-16 12:43:55 [INFO] just entered the main loop
2023-03-16 12:43:56 [INFO] just entered the main loop
2023-03-16 12:43:56 [INFO] just entered the main loop
2023-03-16 12:43:56 [INFO] just entered the main loop
2023-03-16 12:43:56 [INFO] just entered the main loop
2023-03-16 12:43:56 [INFO] just entered the main loop
2023-03-16 12:43:57 [INFO] just entered the main loop
2023-03-16 12:43:57 [INFO] just entered the main loop
2023-03-16 12:43:57 [INFO] just entered the main loop
2023-03-16 12:43:57 [INFO] just entered the main loop
2023-03-16 12:43:57 [INFO] just entered the main loop
2023-03-16 12:43:58 [INFO] just entered the main loop
2023-03-16 12:43:58 [INFO] just entered the main loop
2023-03-16 12:43:58 [INFO] just entered the main loop
2023-03-16 12:43:58 [INFO] just entered the main loop
2023-03-16 12:43:58 [INFO] just entered the main loop
2023-03-16 12:43:59 [INFO] just entered the main loop
2023-03-16 12:43:59 [INFO] just entered the main loop
2023-03-16 12:43:59 [INFO] just entered the main loop
2023-03-16 12:43:59 [INFO] just entered the main loop
2023-03-16 12:43:59 [INFO] just entered the main loop
2023-03-16 12:44:00 [INFO] just entered the main loop
2023-03-16 12:44:00 [INFO] just entered the main loop
2023-03-16 12:44:00 [INFO] just entered the main loop
2023-03-16 12:44:00 [INFO] just entered the main loop
2023-03-16 12:44:00 [INFO] just entered the main loop
2023-03-16 12:44:01 [INFO] just entered the main loop
2023-03-16 12:44:01 [INFO] just entered the main loop
2023-03-16 12:44:01 [INFO] just entered the main loop
2023-03-16 12:44:01 [INFO] just entered the main loop
2023-03-16 12:44:01 [INFO] just entered the main loop
2023-03-16 12:44:02 [INFO] just entered the main loop
2023-03-16 12:44:02 [INFO] just entered the main loop
2023-03-16 12:44:02 [INFO] just entered the main loop
2023-03-16 12:44:02 [INFO] just entered the main loop
2023-03-16 12:44:02 [INFO] just entered the main loop
2023-03-16 12:44:03 [INFO] just entered the main loop
2023-03-16 12:44:03 [INFO] just entered the main loop
2023-03-16 12:44:03 [INFO] just entered the main loop
2023-03-16 12:44:03 [INFO] just entered the main loop
2023-03-16 12:44:03 [INFO] just entered the main loop
2023-03-16 12:44:04 [INFO] just entered the main loop
2023-03-16 12:44:04 [INFO] just entered the main loop
2023-03-16 12:44:04 [INFO] just entered the main loop
2023-03-16 12:44:04 [INFO] just entered the main loop
2023-03-16 12:44:05 [INFO] just entered the main loop
2023-03-16 12:44:05 [INFO] just entered the main loop
2023-03-16 12:44:05 [INFO] just entered the main loop
2023-03-16 12:44:05 [INFO] just entered the main loop
2023-03-16 12:44:05 [INFO] just entered the main loop
2023-03-16 12:44:06 [INFO] just entered the main loop
2023-03-16 12:44:06 [INFO] just entered the main loop
2023-03-16 12:44:06 [INFO] just entered the main loop
2023-03-16 12:44:48 [INFO] Creating a connection function
2023-03-16 12:44:48 [INFO] Trying to establish connection
2023-03-16 12:44:48 [INFO] connection established
2023-03-16 12:44:48 [INFO] In the first try block
2023-03-16 12:44:48 [INFO] just entered the main loop
2023-03-16 12:44:48 [INFO] just entered the main loop
2023-03-16 12:44:48 [INFO] just entered the main loop
2023-03-16 12:44:49 [INFO] just entered the main loop
2023-03-16 12:44:49 [INFO] just entered the main loop
2023-03-16 12:44:49 [INFO] just entered the main loop
2023-03-16 12:44:49 [INFO] just entered the main loop
2023-03-16 12:44:49 [INFO] just entered the main loop
2023-03-16 12:44:50 [INFO] just entered the main loop
2023-03-16 12:44:50 [INFO] just entered the main loop
2023-03-16 12:44:50 [INFO] just entered the main loop
2023-03-16 12:44:50 [INFO] just entered the main loop
2023-03-16 12:44:50 [INFO] just entered the main loop
2023-03-16 12:44:51 [INFO] just entered the main loop
2023-03-16 12:44:51 [INFO] just entered the main loop
2023-03-16 12:44:51 [INFO] just entered the main loop
2023-03-16 12:44:51 [INFO] just entered the main loop
2023-03-16 12:44:52 [INFO] just entered the main loop
2023-03-16 12:44:52 [INFO] just entered the main loop
2023-03-16 12:44:52 [INFO] just entered the main loop
2023-03-16 12:44:52 [INFO] just entered the main loop
2023-03-16 12:44:52 [INFO] just entered the main loop
2023-03-16 12:44:53 [INFO] just entered the main loop
2023-03-16 12:44:53 [INFO] just entered the main loop
2023-03-16 12:44:53 [INFO] just entered the main loop
2023-03-16 12:44:53 [INFO] just entered the main loop
2023-03-16 12:44:53 [INFO] just entered the main loop
2023-03-16 12:44:54 [INFO] just entered the main loop
2023-03-16 12:44:54 [INFO] just entered the main loop
2023-03-16 12:44:54 [INFO] just entered the main loop
2023-03-16 12:44:54 [INFO] just entered the main loop
2023-03-16 12:44:54 [INFO] just entered the main loop
2023-03-16 12:44:55 [INFO] just entered the main loop
2023-03-16 12:44:55 [INFO] just entered the main loop
2023-03-16 12:44:55 [INFO] just entered the main loop
2023-03-16 12:44:55 [INFO] just entered the main loop
2023-03-16 12:44:55 [INFO] just entered the main loop
2023-03-16 12:44:56 [INFO] just entered the main loop
2023-03-16 12:44:56 [INFO] just entered the main loop
2023-03-16 12:44:56 [INFO] just entered the main loop
2023-03-16 12:44:56 [INFO] just entered the main loop
2023-03-16 12:44:56 [INFO] just entered the main loop
2023-03-16 12:44:57 [INFO] just entered the main loop
2023-03-16 12:44:57 [INFO] just entered the main loop
2023-03-16 12:44:57 [INFO] just entered the main loop
2023-03-16 12:44:57 [INFO] just entered the main loop
2023-03-16 12:44:57 [INFO] just entered the main loop
2023-03-16 12:44:58 [INFO] just entered the main loop
2023-03-16 12:44:58 [INFO] just entered the main loop
2023-03-16 12:44:58 [INFO] just entered the main loop
2023-03-16 12:44:58 [INFO] just entered the main loop
2023-03-16 12:44:58 [INFO] just entered the main loop
2023-03-16 12:44:59 [INFO] just entered the main loop
2023-03-16 12:44:59 [INFO] just entered the main loop
2023-03-16 12:44:59 [INFO] just entered the main loop
2023-03-16 12:44:59 [INFO] just entered the main loop
2023-03-16 12:44:59 [INFO] just entered the main loop
2023-03-16 12:45:00 [INFO] just entered the main loop
2023-03-16 12:45:00 [INFO] just entered the main loop
2023-03-16 12:45:00 [INFO] just entered the main loop
2023-03-16 12:45:00 [INFO] just entered the main loop
2023-03-16 12:45:00 [INFO] just entered the main loop
2023-03-16 12:45:01 [INFO] just entered the main loop
2023-03-16 12:45:01 [INFO] just entered the main loop
2023-03-16 12:45:01 [INFO] just entered the main loop
2023-03-16 12:45:01 [INFO] just entered the main loop
2023-03-16 12:45:01 [INFO] just entered the main loop
2023-03-16 12:45:02 [INFO] just entered the main loop
2023-03-16 12:45:02 [INFO] just entered the main loop
2023-03-16 12:45:02 [INFO] just entered the main loop
2023-03-16 12:45:02 [INFO] just entered the main loop
2023-03-16 12:45:02 [INFO] just entered the main loop
2023-03-16 12:45:03 [INFO] just entered the main loop
2023-03-16 12:45:03 [INFO] just entered the main loop
2023-03-16 12:45:03 [INFO] just entered the main loop
2023-03-16 12:45:03 [INFO] just entered the main loop
2023-03-16 12:45:03 [INFO] just entered the main loop
2023-03-16 12:45:04 [INFO] just entered the main loop
2023-03-16 12:45:04 [INFO] just entered the main loop
2023-03-16 12:45:04 [INFO] just entered the main loop
2023-03-16 12:45:04 [INFO] just entered the main loop
2023-03-16 12:45:04 [INFO] just entered the main loop
2023-03-16 12:45:05 [INFO] just entered the main loop
2023-03-16 12:45:05 [INFO] just entered the main loop
2023-03-16 12:45:05 [INFO] just entered the main loop
2023-03-16 12:45:05 [INFO] just entered the main loop
2023-03-16 12:45:05 [INFO] just entered the main loop
2023-03-16 12:45:06 [INFO] just entered the main loop
2023-03-16 12:45:06 [INFO] just entered the main loop
2023-03-16 12:45:06 [INFO] just entered the main loop
2023-03-16 12:45:06 [INFO] just entered the main loop
2023-03-16 12:45:06 [INFO] just entered the main loop
2023-03-16 12:45:07 [INFO] just entered the main loop
2023-03-16 12:45:07 [INFO] just entered the main loop
2023-03-16 12:45:07 [INFO] just entered the main loop
2023-03-16 12:45:07 [INFO] just entered the main loop
2023-03-16 12:45:07 [INFO] just entered the main loop
2023-03-16 12:45:08 [INFO] just entered the main loop
2023-03-16 12:45:08 [INFO] just entered the main loop
2023-03-16 12:45:08 [INFO] just entered the main loop
2023-03-16 12:45:08 [INFO] just entered the main loop
2023-03-16 12:45:08 [INFO] just entered the main loop
2023-03-16 12:45:09 [INFO] just entered the main loop
2023-03-16 12:45:09 [INFO] just entered the main loop
2023-03-16 12:45:09 [INFO] just entered the main loop
2023-03-16 12:45:09 [INFO] just entered the main loop
2023-03-16 12:45:09 [INFO] just entered the main loop
2023-03-16 12:45:10 [INFO] just entered the main loop
2023-03-16 12:45:10 [INFO] just entered the main loop
2023-03-16 12:45:10 [INFO] just entered the main loop
2023-03-16 12:45:10 [INFO] just entered the main loop
2023-03-16 12:45:10 [INFO] just entered the main loop
2023-03-16 12:46:38 [INFO] Creating a connection function
2023-03-16 12:46:38 [INFO] Trying to establish connection
2023-03-16 12:46:38 [INFO] connection established
2023-03-16 12:46:38 [INFO] In the first try block
2023-03-16 12:47:38 [INFO] Creating a connection function
2023-03-16 12:47:38 [INFO] Trying to establish connection
2023-03-16 12:47:38 [INFO] connection established
2023-03-16 12:47:38 [INFO] In the first try block
2023-03-16 12:47:38 [INFO] Executing
2023-03-16 12:47:39 [INFO] Executing
2023-03-16 12:47:39 [INFO] Executing
2023-03-16 12:47:39 [INFO] Executing
2023-03-16 12:47:39 [INFO] Executing
2023-03-16 12:47:39 [INFO] Executing
2023-03-16 12:47:40 [INFO] Executing
2023-03-16 12:47:40 [INFO] Executing
2023-03-16 12:47:40 [INFO] Executing
2023-03-16 12:47:40 [INFO] Executing
2023-03-16 12:47:40 [INFO] Executing
2023-03-16 12:47:41 [INFO] Executing
2023-03-16 12:47:41 [INFO] Executing
2023-03-16 12:47:41 [INFO] Executing
2023-03-16 12:47:41 [INFO] Executing
2023-03-16 12:47:41 [INFO] Executing
2023-03-16 12:47:42 [INFO] Executing
2023-03-16 12:47:42 [INFO] Executing
2023-03-16 12:47:42 [INFO] Executing
2023-03-16 12:47:42 [INFO] Executing
2023-03-16 12:47:42 [INFO] Executing
2023-03-16 12:47:43 [INFO] Executing
2023-03-16 12:47:43 [INFO] Executing
2023-03-16 12:47:43 [INFO] Executing
2023-03-16 12:47:43 [INFO] Executing
2023-03-16 12:47:43 [INFO] Executing
2023-03-16 12:47:44 [INFO] Executing
2023-03-16 12:47:44 [INFO] Executing
2023-03-16 12:47:44 [INFO] Executing
2023-03-16 12:47:44 [INFO] Executing
2023-03-16 12:47:44 [INFO] Executing
2023-03-16 12:47:45 [INFO] Executing
2023-03-16 12:47:45 [INFO] Executing
2023-03-16 12:47:45 [INFO] Executing
2023-03-16 12:47:45 [INFO] Executing
2023-03-16 12:47:45 [INFO] Executing
2023-03-16 12:47:46 [INFO] Executing
2023-03-16 12:47:46 [INFO] Executing
2023-03-16 12:47:46 [INFO] Executing
2023-03-16 12:47:46 [INFO] Executing
2023-03-16 12:47:46 [INFO] Executing
2023-03-16 12:47:47 [INFO] Executing
2023-03-16 12:47:47 [INFO] Executing
2023-03-16 12:47:47 [INFO] Executing
2023-03-16 12:47:47 [INFO] Executing
2023-03-16 12:47:47 [INFO] Executing
2023-03-16 12:47:48 [INFO] Executing
2023-03-16 12:47:48 [INFO] Executing
2023-03-16 12:47:48 [INFO] Executing
2023-03-16 12:47:48 [INFO] Executing
2023-03-16 12:47:48 [INFO] Executing
2023-03-16 12:47:49 [INFO] Executing
2023-03-16 12:47:49 [INFO] Executing
2023-03-16 13:45:40 [INFO] Creating a connection function
2023-03-16 13:45:40 [INFO] Trying to establish connection
2023-03-16 13:45:40 [INFO] connection established
2023-03-16 13:45:40 [INFO] In the first try block
2023-03-16 13:45:40 [INFO] Executing
2023-03-16 13:45:40 [INFO] Executing
2023-03-16 13:45:40 [INFO] Executing
2023-03-16 13:45:40 [INFO] Executing
2023-03-16 13:45:40 [INFO] Executing
2023-03-16 13:45:41 [INFO] Executing
2023-03-16 13:45:41 [INFO] Executing
2023-03-16 13:45:41 [INFO] Executing
2023-03-16 13:45:41 [INFO] Executing
2023-03-16 13:45:41 [INFO] Executing
2023-03-16 13:45:42 [INFO] Executing
2023-03-16 13:45:42 [INFO] Executing
2023-03-16 13:45:42 [INFO] Executing
2023-03-16 13:45:42 [INFO] Executing
2023-03-16 13:45:42 [INFO] Executing
2023-03-16 13:45:43 [INFO] Executing
2023-03-16 13:45:43 [INFO] Executing
2023-03-16 13:45:43 [INFO] Executing
2023-03-16 13:45:43 [INFO] Executing
2023-03-16 13:45:43 [INFO] Executing
2023-03-16 13:45:44 [INFO] Executing
2023-03-16 13:45:44 [INFO] Executing
2023-03-16 13:45:44 [INFO] Executing
2023-03-16 13:45:44 [INFO] Executing
2023-03-16 13:45:44 [INFO] Executing
2023-03-16 13:45:45 [INFO] Executing
2023-03-16 13:45:45 [INFO] Executing
2023-03-16 13:45:45 [INFO] Executing
2023-03-16 13:45:45 [INFO] Executing
2023-03-16 13:45:45 [INFO] Executing
2023-03-16 13:45:46 [INFO] Executing
2023-03-16 13:45:46 [INFO] Executing
2023-03-16 13:45:46 [INFO] Executing
2023-03-16 13:45:46 [INFO] Executing
2023-03-16 13:45:46 [INFO] Executing
2023-03-16 13:45:47 [INFO] Executing
2023-03-16 13:45:47 [INFO] Executing
2023-03-16 13:45:47 [INFO] Executing
2023-03-16 13:45:47 [INFO] Executing
2023-03-16 13:45:47 [INFO] Executing
2023-03-16 13:45:48 [INFO] Executing
2023-03-16 13:45:48 [INFO] Executing
2023-03-16 13:45:48 [INFO] Executing
2023-03-16 13:45:48 [INFO] Executing
2023-03-16 13:45:49 [INFO] Executing
2023-03-16 13:45:49 [INFO] Executing
2023-03-16 13:45:49 [INFO] Executing
2023-03-16 13:45:49 [INFO] Executing
2023-03-16 13:45:49 [INFO] Executing
2023-03-16 13:45:50 [INFO] Executing
2023-03-16 13:45:50 [INFO] Executing
2023-03-16 13:45:50 [INFO] Executing
2023-03-16 13:45:50 [INFO] Executing
2023-03-16 13:45:50 [INFO] Executing
2023-03-16 13:45:51 [INFO] Executing
2023-03-16 13:45:51 [INFO] Executing
2023-03-16 13:45:51 [INFO] Executing
2023-03-16 13:45:51 [INFO] Executing
2023-03-16 13:45:51 [INFO] Executing
2023-03-16 13:45:52 [INFO] Executing
2023-03-16 13:45:52 [INFO] Executing
2023-03-16 13:45:52 [INFO] Executing
2023-03-16 13:45:52 [INFO] Executing
2023-03-16 13:45:52 [INFO] Executing
2023-03-16 13:45:53 [INFO] Executing
2023-03-16 13:45:53 [INFO] Executing
2023-03-16 13:45:53 [INFO] Executing
2023-03-16 13:45:53 [INFO] Executing
2023-03-16 13:45:53 [INFO] Executing
2023-03-16 13:45:54 [INFO] Executing
2023-03-16 13:45:54 [INFO] Executing
2023-03-16 13:45:54 [INFO] Executing
2023-03-16 13:45:54 [INFO] Executing
2023-03-16 13:45:54 [INFO] Executing
2023-03-16 13:45:55 [INFO] Executing
2023-03-16 13:45:55 [INFO] Executing
2023-03-16 13:45:55 [INFO] Executing
2023-03-16 13:45:55 [INFO] Executing
2023-03-16 13:45:55 [INFO] Executing
2023-03-16 13:45:56 [INFO] Executing
2023-03-16 13:45:56 [INFO] Executing
2023-03-16 13:45:56 [INFO] Executing
2023-03-16 13:45:56 [INFO] Executing
2023-03-16 13:45:56 [INFO] Executing
2023-03-16 13:45:57 [INFO] Executing
2023-03-16 13:45:57 [INFO] Executing
2023-03-16 13:45:57 [INFO] Executing
2023-03-16 13:45:57 [INFO] Executing
2023-03-16 13:45:57 [INFO] Executing
2023-03-16 13:45:58 [INFO] Executing
2023-03-16 13:45:58 [INFO] Executing
2023-03-16 13:45:58 [INFO] Executing
2023-03-16 13:45:58 [INFO] Executing
2023-03-16 13:45:58 [INFO] Executing
2023-03-16 13:45:59 [INFO] Executing
2023-03-16 13:45:59 [INFO] Executing
2023-03-16 13:45:59 [INFO] Executing
2023-03-16 13:45:59 [INFO] Executing
2023-03-16 13:45:59 [INFO] Executing
2023-03-16 13:46:00 [INFO] Executing
2023-03-16 13:46:00 [INFO] Executing
2023-03-16 13:46:00 [INFO] Executing
2023-03-16 13:46:00 [INFO] Executing
2023-03-16 13:46:00 [INFO] Executing
2023-03-16 13:46:01 [INFO] Executing
2023-03-16 13:46:01 [INFO] Executing
2023-03-16 13:46:01 [INFO] Executing
2023-03-16 13:46:01 [INFO] Executing
2023-03-16 13:46:01 [INFO] Executing
2023-03-16 13:46:02 [INFO] Executing
2023-03-16 13:46:02 [INFO] Executing
2023-03-16 13:46:02 [INFO] Executing
2023-03-16 13:46:02 [INFO] Executing
2023-03-16 13:46:02 [INFO] Executing
2023-03-16 13:46:03 [INFO] Executing
2023-03-16 13:46:03 [INFO] Executing
2023-03-16 13:46:03 [INFO] Executing
2023-03-16 13:46:03 [INFO] Executing
2023-03-16 13:46:03 [INFO] Executing
2023-03-16 13:46:04 [INFO] Executing
2023-03-16 13:46:04 [INFO] Executing
2023-03-16 13:46:04 [INFO] Executing
2023-03-16 13:46:04 [INFO] Executing
2023-03-16 13:46:04 [INFO] Executing
2023-03-16 13:46:05 [INFO] Executing
2023-03-16 13:46:05 [INFO] Executing
2023-03-16 13:46:05 [INFO] Executing
2023-03-16 13:46:05 [INFO] Executing
2023-03-16 13:46:05 [INFO] Executing
2023-03-16 13:46:06 [INFO] Executing
2023-03-16 13:46:06 [INFO] Executing
2023-03-16 13:46:06 [INFO] Executing
2023-03-16 13:46:06 [INFO] Executing
2023-03-16 13:46:06 [INFO] Executing
2023-03-16 13:46:07 [INFO] Executing
2023-03-16 13:46:07 [INFO] Executing
2023-03-16 13:46:07 [INFO] Executing
2023-03-16 13:46:07 [INFO] Executing
2023-03-16 13:46:07 [INFO] Executing
2023-03-16 13:46:08 [INFO] Executing
2023-03-16 13:46:08 [INFO] Executing
2023-03-16 13:46:08 [INFO] Executing
2023-03-16 13:46:08 [INFO] Executing
2023-03-16 13:46:08 [INFO] Executing
2023-03-16 13:46:09 [INFO] Executing
2023-03-16 13:46:09 [INFO] Executing
2023-03-16 13:46:09 [INFO] Executing
2023-03-16 13:46:09 [INFO] Executing
2023-03-16 13:46:10 [INFO] Executing
2023-03-16 13:46:10 [INFO] Executing
2023-03-16 13:46:10 [INFO] Executing
2023-03-16 13:46:10 [INFO] Executing
2023-03-16 13:46:10 [INFO] Executing
2023-03-16 13:46:11 [INFO] Executing
2023-03-16 13:46:11 [INFO] Executing
2023-03-16 13:46:11 [INFO] Executing
2023-03-16 13:46:11 [INFO] Executing
2023-03-16 13:46:11 [INFO] Executing
2023-03-16 13:46:12 [INFO] Executing
2023-03-16 13:46:12 [INFO] Executing
2023-03-16 13:46:12 [INFO] Executing
2023-03-16 13:46:12 [INFO] Executing
2023-03-16 13:46:12 [INFO] Executing
2023-03-16 13:46:13 [INFO] Executing
2023-03-16 13:46:13 [INFO] Executing
2023-03-16 13:46:13 [INFO] Executing
2023-03-16 13:46:13 [INFO] Executing
2023-03-16 13:46:13 [INFO] Executing
2023-03-16 13:46:14 [INFO] Executing
2023-03-16 13:46:14 [INFO] Executing
2023-03-16 13:46:14 [INFO] Executing
2023-03-16 13:46:14 [INFO] Executing
2023-03-16 13:46:14 [INFO] Executing
2023-03-16 13:46:15 [INFO] Executing
2023-03-16 13:46:15 [INFO] Executing
2023-03-16 13:46:15 [INFO] Executing
2023-03-16 13:46:15 [INFO] Executing
2023-03-16 13:46:15 [INFO] Executing
2023-03-16 13:46:16 [INFO] Executing
2023-03-16 13:46:16 [INFO] Executing
2023-03-16 13:46:16 [INFO] Executing
2023-03-16 13:46:16 [INFO] Executing
2023-03-16 13:46:16 [INFO] Executing
2023-03-16 13:46:17 [INFO] Executing
2023-03-16 13:46:17 [INFO] Executing
2023-03-16 13:46:17 [INFO] Executing
2023-03-16 13:46:17 [INFO] Executing
2023-03-16 13:46:17 [INFO] Executing
2023-03-16 13:46:18 [INFO] Executing
2023-03-16 13:46:18 [INFO] Executing
2023-03-16 13:46:18 [INFO] Executing
2023-03-16 13:46:18 [INFO] Executing
2023-03-16 13:46:18 [INFO] Executing
2023-03-16 13:46:19 [INFO] Executing
2023-03-16 13:46:19 [INFO] Executing
2023-03-16 13:46:19 [INFO] Executing
2023-03-16 13:46:19 [INFO] Executing
2023-03-16 13:46:19 [INFO] Executing
2023-03-16 13:46:20 [INFO] Executing
2023-03-16 13:46:20 [INFO] Executing
2023-03-16 13:46:20 [INFO] Executing
2023-03-16 13:46:20 [INFO] Executing
2023-03-16 13:46:20 [INFO] Executing
2023-03-16 13:46:21 [INFO] Executing
2023-03-16 13:46:21 [INFO] Executing
2023-03-16 13:46:21 [INFO] Executing
2023-03-16 13:46:21 [INFO] Executing
2023-03-16 13:46:22 [INFO] Executing
2023-03-16 13:46:22 [INFO] Executing
2023-03-16 13:46:22 [INFO] Executing
2023-03-16 13:46:22 [INFO] Executing
2023-03-16 13:46:22 [INFO] Executing
2023-03-16 13:46:23 [INFO] Executing
2023-03-16 13:46:23 [INFO] Executing
2023-03-16 13:46:23 [INFO] Executing
2023-03-16 13:46:23 [INFO] Executing
2023-03-16 13:46:23 [INFO] Executing
2023-03-16 13:46:24 [INFO] Executing
2023-03-16 13:46:24 [INFO] Executing
2023-03-16 13:46:24 [INFO] Executing
2023-03-16 13:46:24 [INFO] Executing
2023-03-16 13:46:24 [INFO] Executing
2023-03-16 13:46:25 [INFO] Executing
2023-03-16 13:46:25 [INFO] Executing
2023-03-16 13:46:25 [INFO] Executing
2023-03-16 13:46:25 [INFO] Executing
2023-03-16 13:46:25 [INFO] Executing
2023-03-16 13:46:26 [INFO] Executing
2023-03-16 13:46:26 [INFO] Executing
2023-03-16 13:46:26 [INFO] Executing
2023-03-16 13:46:26 [INFO] Executing
2023-03-16 13:46:26 [INFO] Executing
2023-03-16 13:46:27 [INFO] Executing
2023-03-16 13:46:27 [INFO] Executing
2023-03-16 13:46:27 [INFO] Executing
2023-03-16 13:46:27 [INFO] Executing
2023-03-16 13:46:27 [INFO] Executing
2023-03-16 13:46:28 [INFO] Executing
2023-03-16 13:46:28 [INFO] Executing
2023-03-16 13:46:28 [INFO] Executing
2023-03-16 13:46:28 [INFO] Executing
2023-03-16 13:46:28 [INFO] Executing
2023-03-16 13:46:29 [INFO] Executing
2023-03-16 13:46:29 [INFO] Executing
2023-03-16 13:46:29 [INFO] Executing
2023-03-16 13:46:29 [INFO] Executing
2023-03-16 13:46:29 [INFO] Executing
2023-03-16 13:46:30 [INFO] Executing
2023-03-16 13:46:30 [INFO] Executing
2023-03-16 13:46:30 [INFO] Executing
2023-03-16 13:46:30 [INFO] Executing
2023-03-16 13:46:30 [INFO] Executing
2023-03-16 13:46:31 [INFO] Executing
2023-03-16 13:46:31 [INFO] Executing
2023-03-16 13:46:31 [INFO] Executing
2023-03-16 13:46:31 [INFO] Executing
2023-03-16 13:46:31 [INFO] Executing
2023-03-16 13:46:32 [INFO] Executing
2023-03-16 13:46:32 [INFO] Executing
2023-03-16 13:46:32 [INFO] Executing
2023-03-16 13:46:32 [INFO] Executing
2023-03-16 13:46:32 [INFO] Executing
2023-03-16 13:46:33 [INFO] Executing
2023-03-16 13:46:33 [INFO] Executing
2023-03-16 13:46:33 [INFO] Executing
2023-03-16 13:46:33 [INFO] Executing
2023-03-16 13:46:34 [INFO] Executing
2023-03-16 13:46:34 [INFO] Executing
2023-03-16 13:46:34 [INFO] Executing
2023-03-16 13:46:34 [INFO] Executing
2023-03-16 13:46:34 [INFO] Executing
2023-03-16 13:46:35 [INFO] Executing
2023-03-16 13:46:35 [INFO] Executing
2023-03-16 13:46:35 [INFO] Executing
2023-03-16 13:46:35 [INFO] Executing
2023-03-16 13:46:35 [INFO] Executing
2023-03-16 13:46:36 [INFO] Executing
2023-03-16 13:46:36 [INFO] Executing
2023-03-16 13:46:36 [INFO] Executing
2023-03-16 13:46:36 [INFO] Executing
2023-03-16 13:46:36 [INFO] Executing
2023-03-16 13:46:37 [INFO] Executing
2023-03-16 13:46:37 [INFO] Executing
2023-03-16 13:46:37 [INFO] Executing
2023-03-16 13:46:37 [INFO] Executing
2023-03-16 13:46:37 [INFO] Executing
2023-03-16 13:46:38 [INFO] Executing
2023-03-16 13:46:38 [INFO] Executing
2023-03-16 13:46:38 [INFO] Executing
2023-03-16 13:46:38 [INFO] Executing
2023-03-16 13:46:38 [INFO] Executing
2023-03-16 13:46:39 [INFO] Executing
2023-03-16 13:46:39 [INFO] Executing
2023-03-16 13:46:39 [INFO] Executing
2023-03-16 13:46:39 [INFO] Executing
2023-03-16 13:46:39 [INFO] Executing
2023-03-16 13:46:40 [INFO] Executing
2023-03-16 13:46:40 [INFO] Executing
2023-03-16 13:46:40 [INFO] Executing
2023-03-16 13:46:40 [INFO] Executing
2023-03-16 13:46:40 [INFO] Executing
2023-03-16 13:46:41 [INFO] Executing
2023-03-16 13:46:41 [INFO] Executing
2023-03-16 13:46:41 [INFO] Executing
2023-03-16 13:46:41 [INFO] Executing
2023-03-16 13:46:41 [INFO] Executing
2023-03-16 13:46:42 [INFO] Executing
2023-03-16 13:46:42 [INFO] Executing
2023-03-16 13:46:42 [INFO] Executing
2023-03-16 13:46:42 [INFO] Executing
2023-03-16 13:46:42 [INFO] Executing
2023-03-16 13:46:43 [INFO] Executing
2023-03-16 13:46:43 [INFO] Executing
2023-03-16 13:46:43 [INFO] Executing
2023-03-16 13:46:43 [INFO] Executing
2023-03-16 13:46:43 [INFO] Executing
2023-03-16 13:46:44 [INFO] Executing
2023-03-16 13:46:44 [INFO] Executing
2023-03-16 13:46:44 [INFO] Executing
2023-03-16 13:46:44 [INFO] Executing
2023-03-16 13:46:45 [INFO] Executing
2023-03-16 13:46:45 [INFO] Executing
2023-03-16 13:46:45 [INFO] Executing
2023-03-16 13:46:45 [INFO] Executing
2023-03-16 13:46:45 [INFO] Executing
2023-03-16 13:46:46 [INFO] Executing
2023-03-16 13:46:46 [INFO] Executing
2023-03-16 13:46:46 [INFO] Executing
2023-03-16 13:46:46 [INFO] Executing
2023-03-16 13:46:46 [INFO] Executing
2023-03-16 13:46:47 [INFO] Executing
2023-03-16 13:46:47 [INFO] Executing
2023-03-16 13:46:47 [INFO] Executing
2023-03-16 13:46:47 [INFO] Executing
2023-03-16 13:46:47 [INFO] Executing
2023-03-16 13:46:48 [INFO] Executing
2023-03-16 13:46:48 [INFO] Executing
2023-03-16 13:46:48 [INFO] Executing
2023-03-16 13:46:48 [INFO] Executing
2023-03-16 13:46:48 [INFO] Executing
2023-03-16 13:46:49 [INFO] Executing
2023-03-16 13:46:49 [INFO] Executing
2023-03-16 13:46:49 [INFO] Executing
2023-03-16 13:46:49 [INFO] Executing
2023-03-16 13:46:49 [INFO] Executing
2023-03-16 13:46:50 [INFO] Executing
2023-03-16 13:46:50 [INFO] Executing
2023-03-16 13:46:50 [INFO] Executing
2023-03-16 13:46:50 [INFO] Executing
2023-03-16 13:46:50 [INFO] Executing
2023-03-16 13:46:51 [INFO] Executing
2023-03-16 13:46:51 [INFO] Executing
2023-03-16 13:46:51 [INFO] Executing
2023-03-16 13:46:51 [INFO] Executing
2023-03-16 13:46:51 [INFO] Executing
2023-03-16 13:46:52 [INFO] Executing
2023-03-16 13:46:52 [INFO] Executing
2023-03-16 13:46:52 [INFO] Executing
2023-03-16 13:46:52 [INFO] Executing
2023-03-16 13:46:52 [INFO] Executing
2023-03-16 13:46:53 [INFO] Executing
2023-03-16 13:46:53 [INFO] Executing
2023-03-16 13:46:53 [INFO] Executing
2023-03-16 13:46:53 [INFO] Executing
2023-03-16 13:46:53 [INFO] Executing
2023-03-16 13:46:54 [INFO] Executing
2023-03-16 13:46:54 [INFO] Executing
2023-03-16 13:46:54 [INFO] Executing
2023-03-16 13:46:54 [INFO] Executing
2023-03-16 13:46:54 [INFO] Executing
2023-03-16 13:46:55 [INFO] Executing
2023-03-16 13:46:55 [INFO] Executing
2023-03-16 13:46:55 [INFO] Executing
2023-03-16 13:46:55 [INFO] Executing
2023-03-16 13:46:55 [INFO] Executing
2023-03-16 13:46:56 [INFO] Executing
2023-03-16 13:46:56 [INFO] Executing
2023-03-16 13:46:56 [INFO] Executing
2023-03-16 13:46:56 [INFO] Executing
2023-03-16 13:46:56 [INFO] Executing
2023-03-16 13:46:57 [INFO] Executing
2023-03-16 13:46:57 [INFO] Executing
2023-03-16 13:46:57 [INFO] Executing
2023-03-16 13:46:57 [INFO] Executing
2023-03-16 13:46:57 [INFO] Executing
2023-03-16 13:46:58 [INFO] Executing
2023-03-16 13:46:58 [INFO] Executing
2023-03-16 13:46:58 [INFO] Executing
2023-03-16 13:46:58 [INFO] Executing
2023-03-16 13:46:59 [INFO] Executing
2023-03-16 13:46:59 [INFO] Executing
2023-03-16 13:46:59 [INFO] Executing
2023-03-16 13:46:59 [INFO] Executing
2023-03-16 13:46:59 [INFO] Executing
2023-03-16 13:47:00 [INFO] Executing
2023-03-16 13:47:00 [INFO] Executing
2023-03-16 13:47:00 [INFO] Executing
2023-03-16 13:47:00 [INFO] Executing
2023-03-16 13:47:00 [INFO] Executing
2023-03-16 13:47:01 [INFO] Executing
2023-03-16 13:47:01 [INFO] Executing
2023-03-16 13:47:01 [INFO] Executing
2023-03-16 13:47:01 [INFO] Executing
2023-03-16 13:47:01 [INFO] Executing
2023-03-16 13:47:02 [INFO] Executing
2023-03-16 13:47:02 [INFO] Executing
2023-03-16 13:47:02 [INFO] Executing
2023-03-16 13:47:02 [INFO] Executing
2023-03-16 13:47:02 [INFO] Executing
2023-03-16 13:47:03 [INFO] Executing
2023-03-16 13:47:03 [INFO] Executing
2023-03-16 13:47:03 [INFO] Executing
2023-03-16 13:47:03 [INFO] Executing
2023-03-16 13:47:03 [INFO] Executing
2023-03-16 13:47:04 [INFO] Executing
2023-03-16 13:47:04 [INFO] Executing
2023-03-16 13:47:04 [INFO] Executing
2023-03-16 13:47:04 [INFO] Executing
2023-03-16 13:47:04 [INFO] Executing
2023-03-16 13:47:05 [INFO] Executing
2023-03-16 13:47:05 [INFO] Executing
2023-03-16 13:47:05 [INFO] Executing
2023-03-16 13:47:05 [INFO] Executing
2023-03-16 13:47:05 [INFO] Executing
2023-03-16 13:47:06 [INFO] Executing
2023-03-16 13:47:06 [INFO] Executing
2023-03-16 13:47:06 [INFO] Executing
2023-03-16 13:47:06 [INFO] Executing
2023-03-16 13:47:06 [INFO] Executing
2023-03-16 13:47:07 [INFO] Executing
2023-03-16 13:47:07 [INFO] Executing
2023-03-16 13:47:07 [INFO] Executing
2023-03-16 13:47:07 [INFO] Executing
2023-03-16 13:47:07 [INFO] Executing
2023-03-16 13:47:08 [INFO] Executing
2023-03-16 13:47:08 [INFO] Executing
2023-03-16 13:47:08 [INFO] Executing
2023-03-16 13:47:08 [INFO] Executing
2023-03-16 13:47:08 [INFO] Executing
2023-03-16 13:47:09 [INFO] Executing
2023-03-16 13:47:09 [INFO] Executing
2023-03-16 13:47:09 [INFO] Executing
2023-03-16 13:47:09 [INFO] Executing
2023-03-16 13:47:10 [INFO] Executing
2023-03-16 13:47:10 [INFO] Executing
2023-03-16 13:47:10 [INFO] Executing
2023-03-16 13:47:10 [INFO] Executing
2023-03-16 13:47:10 [INFO] Executing
2023-03-16 13:47:11 [INFO] Executing
2023-03-16 13:47:11 [INFO] Executing
2023-03-16 13:47:11 [INFO] Executing
2023-03-16 13:47:11 [INFO] Executing
2023-03-16 13:47:11 [INFO] Executing
2023-03-16 13:47:12 [INFO] Executing
2023-03-16 13:47:12 [INFO] Executing
2023-03-16 13:47:12 [INFO] Executing
2023-03-16 13:47:12 [INFO] Executing
2023-03-16 13:47:12 [INFO] Executing
2023-03-16 13:47:13 [INFO] Executing
2023-03-16 13:47:13 [INFO] Executing
2023-03-16 13:47:13 [INFO] Executing
2023-03-16 13:47:13 [INFO] Executing
2023-03-16 13:47:14 [INFO] Executing
2023-03-16 13:47:14 [INFO] Executing
2023-03-16 13:47:14 [INFO] Executing
2023-03-16 13:47:14 [INFO] Executing
2023-03-16 13:47:14 [INFO] Executing
2023-03-16 13:47:15 [INFO] Executing
2023-03-16 13:47:15 [INFO] Executing
2023-03-16 13:47:15 [INFO] Executing
2023-03-16 13:47:15 [INFO] Executing
2023-03-16 13:47:15 [INFO] Executing
2023-03-16 13:47:16 [INFO] Executing
2023-03-16 13:47:16 [INFO] Executing
2023-03-16 13:47:16 [INFO] Executing
2023-03-16 13:47:16 [INFO] Executing
2023-03-16 13:47:16 [INFO] Executing
2023-03-16 13:47:17 [INFO] Executing
2023-03-16 13:47:17 [INFO] Executing
2023-03-16 13:47:17 [INFO] Executing
2023-03-16 13:47:17 [INFO] Executing
2023-03-16 13:47:18 [INFO] Executing
2023-03-16 13:47:18 [INFO] Executing
2023-03-16 13:47:18 [INFO] Executing
2023-03-16 13:47:18 [INFO] Executing
2023-03-16 13:47:18 [INFO] Executing
2023-03-16 13:47:19 [INFO] Executing
2023-03-16 13:47:19 [INFO] Executing
2023-03-16 13:47:19 [INFO] Executing
2023-03-16 13:47:19 [INFO] Executing
2023-03-16 13:47:19 [INFO] Executing
2023-03-16 13:47:20 [INFO] Executing
2023-03-16 13:47:20 [INFO] Executing
2023-03-16 13:47:20 [INFO] Executing
2023-03-16 13:47:20 [INFO] Executing
2023-03-16 13:47:20 [INFO] Executing
2023-03-16 13:47:21 [INFO] Executing
2023-03-16 13:47:21 [INFO] Executing
2023-03-16 13:47:21 [INFO] Executing
2023-03-16 13:47:21 [INFO] Executing
2023-03-16 13:47:21 [INFO] Executing
2023-03-16 13:47:22 [INFO] Executing
2023-03-16 13:47:22 [INFO] Executing
2023-03-16 13:47:22 [INFO] Executing
2023-03-16 13:47:22 [INFO] Executing
2023-03-16 13:47:22 [INFO] Executing
2023-03-16 13:47:23 [INFO] Executing
2023-03-16 13:47:23 [INFO] Executing
2023-03-16 13:47:23 [INFO] Executing
2023-03-16 13:47:23 [INFO] Executing
2023-03-16 13:47:23 [INFO] Executing
2023-03-16 13:47:24 [INFO] Executing
2023-03-16 13:47:24 [INFO] Executing
2023-03-16 13:47:24 [INFO] Executing
2023-03-16 13:47:24 [INFO] Executing
2023-03-16 13:47:24 [INFO] Executing
2023-03-16 13:47:25 [INFO] Executing
2023-03-16 13:47:25 [INFO] Executing
2023-03-16 13:47:25 [INFO] Executing
2023-03-16 13:47:25 [INFO] Executing
2023-03-16 13:47:25 [INFO] Executing
2023-03-16 13:47:26 [INFO] Executing
2023-03-16 13:47:26 [INFO] Executing
2023-03-16 13:47:26 [INFO] Executing
2023-03-16 13:47:26 [INFO] Executing
2023-03-16 13:47:26 [INFO] Executing
2023-03-16 13:47:27 [INFO] Executing
2023-03-16 13:47:27 [INFO] Executing
2023-03-16 13:47:27 [INFO] Executing
2023-03-16 13:47:27 [INFO] Executing
2023-03-16 13:47:27 [INFO] Executing
2023-03-16 13:47:28 [INFO] Executing
2023-03-16 13:47:28 [INFO] Executing
2023-03-16 13:47:28 [INFO] Executing
2023-03-16 13:47:28 [INFO] Executing
2023-03-16 13:47:28 [INFO] Executing
2023-03-16 13:47:29 [INFO] Executing
2023-03-16 13:47:29 [INFO] Executing
2023-03-16 13:47:29 [INFO] Executing
2023-03-16 13:47:29 [INFO] Executing
2023-03-16 13:47:29 [INFO] Executing
2023-03-16 13:47:30 [INFO] Executing
2023-03-16 13:47:30 [INFO] Executing
2023-03-16 13:47:30 [INFO] Executing
2023-03-16 13:47:30 [INFO] Executing
2023-03-16 13:47:30 [INFO] Executing
2023-03-16 13:47:31 [INFO] Executing
2023-03-16 13:47:31 [INFO] Executing
2023-03-16 13:47:31 [INFO] Executing
2023-03-16 13:47:31 [INFO] Executing
2023-03-16 13:47:31 [INFO] Executing
2023-03-16 13:47:32 [INFO] Executing
2023-03-16 13:47:32 [INFO] Executing
2023-03-16 13:47:32 [INFO] Executing
2023-03-16 13:47:32 [INFO] Executing
2023-03-16 13:47:32 [INFO] Executing
2023-03-16 13:47:33 [INFO] Executing
2023-03-16 13:47:33 [INFO] Executing
2023-03-16 13:47:33 [INFO] Executing
2023-03-16 13:47:33 [INFO] Executing
2023-03-16 13:47:33 [INFO] Executing
2023-03-16 13:47:34 [INFO] Executing
2023-03-16 13:47:34 [INFO] Executing
2023-03-16 13:47:34 [INFO] Executing
2023-03-16 13:47:34 [INFO] Executing
2023-03-16 13:47:34 [INFO] Executing
2023-03-16 13:47:35 [INFO] Executing
2023-03-16 13:47:35 [INFO] Executing
2023-03-16 13:47:35 [INFO] Executing
2023-03-16 13:47:35 [INFO] Executing
2023-03-16 13:47:36 [INFO] Executing
2023-03-16 13:47:36 [INFO] Executing
2023-03-16 13:47:36 [INFO] Executing
2023-03-16 13:47:36 [INFO] Executing
2023-03-16 13:47:36 [INFO] Executing
2023-03-16 13:47:37 [INFO] Executing
2023-03-16 13:47:37 [INFO] Executing
2023-03-16 13:47:37 [INFO] Executing
2023-03-16 13:47:37 [INFO] Executing
2023-03-16 13:47:37 [INFO] Executing
2023-03-16 13:47:38 [INFO] Executing
2023-03-16 13:47:38 [INFO] Executing
2023-03-16 13:47:38 [INFO] Executing
2023-03-16 13:47:38 [INFO] Executing
2023-03-16 13:47:38 [INFO] Executing
2023-03-16 13:47:39 [INFO] Executing
2023-03-16 13:47:39 [INFO] Executing
2023-03-16 13:47:39 [INFO] Executing
2023-03-16 13:47:39 [INFO] Executing
2023-03-16 13:47:39 [INFO] Executing
2023-03-16 13:47:40 [INFO] Executing
2023-03-16 13:47:40 [INFO] Executing
2023-03-16 13:47:40 [INFO] Executing
2023-03-16 13:47:40 [INFO] Executing
2023-03-16 13:47:40 [INFO] Executing
2023-03-16 13:47:41 [INFO] Executing
2023-03-16 13:47:41 [INFO] Executing
2023-03-16 13:47:41 [INFO] Executing
2023-03-16 13:47:41 [INFO] Executing
2023-03-16 13:47:41 [INFO] Executing
2023-03-16 13:47:42 [INFO] Executing
2023-03-16 13:47:42 [INFO] Executing
2023-03-16 13:47:42 [INFO] Executing
2023-03-16 13:47:42 [INFO] Executing
2023-03-16 13:47:42 [INFO] Executing
2023-03-16 13:47:43 [INFO] Executing
2023-03-16 13:47:43 [INFO] Executing
2023-03-16 13:47:43 [INFO] Executing
2023-03-16 13:47:43 [INFO] Executing
2023-03-16 13:47:43 [INFO] Executing
2023-03-16 13:47:44 [INFO] Executing
2023-03-16 13:47:44 [INFO] Executing
2023-03-16 13:47:44 [INFO] Executing
2023-03-16 13:47:44 [INFO] Executing
2023-03-16 13:47:44 [INFO] Executing
2023-03-16 13:47:45 [INFO] Executing
2023-03-16 13:47:45 [INFO] Executing
2023-03-16 13:47:45 [INFO] Executing
2023-03-16 13:47:45 [INFO] Executing
2023-03-16 13:47:45 [INFO] Executing
2023-03-16 13:47:46 [INFO] Executing
2023-03-16 13:47:46 [INFO] Executing
2023-03-16 13:47:46 [INFO] Executing
2023-03-16 13:47:46 [INFO] Executing
2023-03-16 13:47:46 [INFO] Executing
2023-03-16 13:47:47 [INFO] Executing
2023-03-16 13:47:47 [INFO] Executing
2023-03-16 13:47:47 [INFO] Executing
2023-03-16 13:47:47 [INFO] Executing
2023-03-16 13:47:47 [INFO] Executing
2023-03-16 13:47:48 [INFO] Executing
2023-03-16 13:47:48 [INFO] Executing
2023-03-16 13:47:48 [INFO] Executing
2023-03-16 13:47:48 [INFO] Executing
2023-03-16 13:47:48 [INFO] Executing
2023-03-16 13:47:49 [INFO] Executing
2023-03-16 13:47:49 [INFO] Executing
2023-03-16 13:47:49 [INFO] Executing
2023-03-16 13:47:49 [INFO] Executing
2023-03-16 13:47:49 [INFO] Executing
2023-03-16 13:47:50 [INFO] Executing
2023-03-16 13:47:50 [INFO] Executing
2023-03-16 13:47:50 [INFO] Executing
2023-03-16 13:47:50 [INFO] Executing
2023-03-16 13:47:51 [INFO] Executing
2023-03-16 13:47:51 [INFO] Executing
2023-03-16 13:47:51 [INFO] Executing
2023-03-16 13:47:51 [INFO] Executing
2023-03-16 13:47:51 [INFO] Executing
2023-03-16 13:47:52 [INFO] Executing
2023-03-16 13:47:52 [INFO] Executing
2023-03-16 13:47:52 [INFO] Executing
2023-03-16 13:47:52 [INFO] Executing
2023-03-16 13:47:52 [INFO] Executing
2023-03-16 13:47:53 [INFO] Executing
2023-03-16 13:47:53 [INFO] Executing
2023-03-16 13:47:53 [INFO] Executing
2023-03-16 13:47:53 [INFO] Executing
2023-03-16 13:47:53 [INFO] Executing
2023-03-16 13:47:54 [INFO] Executing
2023-03-16 13:47:54 [INFO] Executing
2023-03-16 13:47:54 [INFO] Executing
2023-03-16 13:47:54 [INFO] Executing
2023-03-16 13:47:54 [INFO] Executing
2023-03-16 13:47:55 [INFO] Executing
2023-03-16 13:47:55 [INFO] Executing
2023-03-16 13:47:55 [INFO] Executing
2023-03-16 13:47:55 [INFO] Executing
2023-03-16 13:47:55 [INFO] Executing
2023-03-16 13:47:56 [INFO] Executing
2023-03-16 13:47:56 [INFO] Executing
2023-03-16 13:47:56 [INFO] Executing
2023-03-16 13:47:56 [INFO] Executing
2023-03-16 13:47:56 [INFO] Executing
2023-03-16 13:47:57 [INFO] Executing
2023-03-16 13:47:57 [INFO] Executing
2023-03-16 13:47:57 [INFO] Executing
2023-03-16 13:47:57 [INFO] Executing
2023-03-16 13:47:57 [INFO] Executing
2023-03-16 13:47:58 [INFO] Executing
2023-03-16 13:47:58 [INFO] Executing
2023-03-16 13:47:58 [INFO] Executing
2023-03-16 13:47:58 [INFO] Executing
2023-03-16 13:47:58 [INFO] Executing
2023-03-16 13:47:59 [INFO] Executing
2023-03-16 13:47:59 [INFO] Executing
2023-03-16 13:47:59 [INFO] Executing
2023-03-16 13:47:59 [INFO] Executing
2023-03-16 13:47:59 [INFO] Executing
2023-03-16 13:48:00 [INFO] Executing
2023-03-16 13:48:00 [INFO] Executing
2023-03-16 13:48:00 [INFO] Executing
2023-03-16 13:48:00 [INFO] Executing
2023-03-16 13:48:00 [INFO] Executing
2023-03-16 13:48:01 [INFO] Executing
2023-03-16 13:48:01 [INFO] Executing
2023-03-16 13:48:01 [INFO] Executing
2023-03-16 13:48:01 [INFO] Executing
2023-03-16 13:48:01 [INFO] Executing
2023-03-16 13:48:02 [INFO] Executing
2023-03-16 13:48:02 [INFO] Executing
2023-03-16 13:48:02 [INFO] Executing
2023-03-16 13:48:02 [INFO] Executing
2023-03-16 13:48:02 [INFO] Executing
2023-03-16 13:48:03 [INFO] Executing
2023-03-16 13:48:03 [INFO] Executing
2023-03-16 13:48:03 [INFO] Executing
2023-03-16 13:48:03 [INFO] Executing
2023-03-16 13:48:03 [INFO] Executing
2023-03-16 13:48:04 [INFO] Executing
2023-03-16 13:48:04 [INFO] Executing
2023-03-16 13:48:04 [INFO] Executing
2023-03-16 13:48:04 [INFO] Executing
2023-03-16 13:48:04 [INFO] Executing
2023-03-16 13:48:05 [INFO] Executing
2023-03-16 13:48:05 [INFO] Executing
2023-03-16 13:48:05 [INFO] Executing
2023-03-16 13:48:05 [INFO] Executing
2023-03-16 13:48:05 [INFO] Executing
2023-03-16 13:48:06 [INFO] Executing
2023-03-16 13:48:06 [INFO] Executing
2023-03-16 13:48:06 [INFO] Executing
2023-03-16 13:48:06 [INFO] Executing
2023-03-16 13:48:06 [INFO] Executing
2023-03-16 13:48:07 [INFO] Executing
2023-03-16 13:48:07 [INFO] Executing
2023-03-16 13:48:07 [INFO] Executing
2023-03-16 13:48:07 [INFO] Executing
2023-03-16 13:48:08 [INFO] Executing
2023-03-16 13:48:08 [INFO] Executing
2023-03-16 13:48:08 [INFO] Executing
2023-03-16 13:48:08 [INFO] Executing
2023-03-16 13:48:08 [INFO] Executing
2023-03-16 13:48:09 [INFO] Executing
2023-03-16 13:48:09 [INFO] Executing
2023-03-16 13:48:09 [INFO] Executing
2023-03-16 13:48:09 [INFO] Executing
2023-03-16 13:48:09 [INFO] Executing
2023-03-16 13:48:10 [INFO] Executing
2023-03-16 13:48:10 [INFO] Executing
2023-03-16 13:48:10 [INFO] Executing
2023-03-16 13:48:10 [INFO] Executing
2023-03-16 13:48:10 [INFO] Executing
2023-03-16 13:48:11 [INFO] Executing
2023-03-16 13:48:11 [INFO] Executing
2023-03-16 13:48:11 [INFO] Executing
2023-03-16 13:48:11 [INFO] Executing
2023-03-16 13:48:11 [INFO] Executing
2023-03-16 13:48:12 [INFO] Executing
2023-03-16 13:48:12 [INFO] Executing
2023-03-16 13:48:12 [INFO] Executing
2023-03-16 13:48:12 [INFO] Executing
2023-03-16 13:48:12 [INFO] Executing
2023-03-16 13:48:13 [INFO] Executing
2023-03-16 13:48:13 [INFO] Executing
2023-03-16 13:48:13 [INFO] Executing
2023-03-16 13:48:13 [INFO] Executing
2023-03-16 13:48:13 [INFO] Executing
2023-03-16 13:48:14 [INFO] Executing
2023-03-16 13:48:14 [INFO] Executing
2023-03-16 13:48:14 [INFO] Executing
2023-03-16 13:48:14 [INFO] Executing
2023-03-16 13:48:14 [INFO] Executing
2023-03-16 13:48:15 [INFO] Executing
2023-03-16 13:48:15 [INFO] Executing
2023-03-16 13:48:15 [INFO] Executing
2023-03-16 13:48:15 [INFO] Executing
2023-03-16 13:48:15 [INFO] Executing
2023-03-16 13:48:16 [INFO] Executing
2023-03-16 13:48:16 [INFO] Executing
2023-03-16 13:48:16 [INFO] Executing
2023-03-16 13:48:16 [INFO] Executing
2023-03-16 13:48:16 [INFO] Executing
2023-03-16 13:48:17 [INFO] Executing
2023-03-16 13:48:17 [INFO] Executing
2023-03-16 13:48:17 [INFO] Executing
2023-03-16 13:48:17 [INFO] Executing
2023-03-16 13:48:17 [INFO] Executing
2023-03-16 13:48:18 [INFO] Executing
2023-03-16 13:48:18 [INFO] Executing
2023-03-16 13:48:18 [INFO] Executing
2023-03-16 13:48:18 [INFO] Executing
2023-03-16 13:48:18 [INFO] Executing
2023-03-16 13:48:19 [INFO] Executing
2023-03-16 13:48:19 [INFO] Executing
2023-03-16 13:48:19 [INFO] Executing
2023-03-16 13:48:19 [INFO] Executing
2023-03-16 13:48:19 [INFO] Executing
2023-03-16 13:48:20 [INFO] Executing
2023-03-16 13:48:20 [INFO] Executing
2023-03-16 13:48:20 [INFO] Executing
2023-03-16 13:48:20 [INFO] Executing
2023-03-16 13:48:20 [INFO] Executing
2023-03-16 13:48:21 [INFO] Executing
2023-03-16 13:48:21 [INFO] Executing
2023-03-16 13:48:21 [INFO] Executing
2023-03-16 13:48:21 [INFO] Executing
2023-03-16 13:48:21 [INFO] Executing
2023-03-16 13:48:22 [INFO] Executing
2023-03-16 13:48:22 [INFO] Executing
2023-03-16 13:48:22 [INFO] Executing
2023-03-16 13:48:22 [INFO] Executing
2023-03-16 13:48:22 [INFO] Executing
2023-03-16 13:48:23 [INFO] Executing
2023-03-16 13:48:23 [INFO] Executing
2023-03-16 13:48:23 [INFO] Executing
2023-03-16 13:48:23 [INFO] Executing
2023-03-16 13:48:23 [INFO] Executing
2023-03-16 13:48:24 [INFO] Executing
2023-03-16 13:48:24 [INFO] Executing
2023-03-16 13:48:24 [INFO] Executing
2023-03-16 13:48:24 [INFO] Executing
2023-03-16 13:48:25 [INFO] Executing
2023-03-16 13:48:25 [INFO] Executing
2023-03-16 13:48:25 [INFO] Executing
2023-03-16 13:48:25 [INFO] Executing
2023-03-16 13:48:25 [INFO] Executing
2023-03-16 13:48:26 [INFO] Executing
2023-03-16 13:48:26 [INFO] Executing
2023-03-16 13:48:26 [INFO] Executing
2023-03-16 13:48:26 [INFO] Executing
2023-03-16 13:48:26 [INFO] Executing
2023-03-16 13:48:27 [INFO] Executing
2023-03-16 13:48:27 [INFO] Executing
2023-03-16 13:48:27 [INFO] Executing
2023-03-16 13:48:27 [INFO] Executing
2023-03-16 13:48:27 [INFO] Executing
2023-03-16 13:48:28 [INFO] Executing
2023-03-16 13:48:28 [INFO] Executing
2023-03-16 13:48:28 [INFO] Executing
2023-03-16 13:48:28 [INFO] Executing
2023-03-16 13:48:28 [INFO] Executing
2023-03-16 13:48:29 [INFO] Executing
2023-03-16 13:48:29 [INFO] Executing
2023-03-16 13:48:29 [INFO] Executing
2023-03-16 13:48:29 [INFO] Executing
2023-03-16 13:48:29 [INFO] Executing
2023-03-16 13:48:30 [INFO] Executing
2023-03-16 13:48:30 [INFO] Executing
2023-03-16 13:48:30 [INFO] Executing
2023-03-16 13:48:30 [INFO] Executing
2023-03-16 13:48:30 [INFO] Executing
2023-03-16 13:48:31 [INFO] Executing
2023-03-16 13:48:31 [INFO] Executing
2023-03-16 13:48:31 [INFO] Executing
2023-03-16 13:48:31 [INFO] Executing
2023-03-16 13:48:31 [INFO] Executing
2023-03-16 13:48:32 [INFO] Executing
2023-03-16 13:48:32 [INFO] Executing
2023-03-16 13:48:32 [INFO] Executing
2023-03-16 13:48:32 [INFO] Executing
2023-03-16 13:48:32 [INFO] Executing
2023-03-16 13:48:33 [INFO] Executing
2023-03-16 13:48:33 [INFO] Executing
2023-03-16 13:48:33 [INFO] Executing
2023-03-16 13:48:33 [INFO] Executing
2023-03-16 13:48:33 [INFO] Executing
2023-03-16 13:48:34 [INFO] Executing
2023-03-16 13:48:34 [INFO] Executing
2023-03-16 13:48:34 [INFO] Executing
2023-03-16 13:48:34 [INFO] Executing
2023-03-16 13:48:34 [INFO] Executing
2023-03-16 13:48:35 [INFO] Executing
2023-03-16 13:48:35 [INFO] Executing
2023-03-16 13:48:35 [INFO] Executing
2023-03-16 13:48:35 [INFO] Executing
2023-03-16 13:48:35 [INFO] Executing
2023-03-16 13:48:36 [INFO] Executing
2023-03-16 13:48:36 [INFO] Executing
2023-03-16 13:48:36 [INFO] Executing
2023-03-16 13:48:36 [INFO] Executing
2023-03-16 13:48:36 [INFO] Executing
2023-03-16 13:48:37 [INFO] Executing
2023-03-16 13:48:37 [INFO] Executing
2023-03-16 13:48:37 [INFO] Executing
2023-03-16 13:48:37 [INFO] Executing
2023-03-16 13:48:37 [INFO] Executing
2023-03-16 13:48:38 [INFO] Executing
2023-03-16 13:48:38 [INFO] Executing
2023-03-16 13:48:38 [INFO] Executing
2023-03-16 13:48:38 [INFO] Executing
2023-03-16 13:48:39 [INFO] Executing
2023-03-16 13:48:39 [INFO] Executing
2023-03-16 13:48:39 [INFO] Executing
2023-03-16 13:48:39 [INFO] Executing
2023-03-16 13:48:39 [INFO] Executing
2023-03-16 13:48:40 [INFO] Executing
2023-03-16 13:48:40 [INFO] Executing
2023-03-16 13:48:40 [INFO] Executing
2023-03-16 13:48:40 [INFO] Executing
2023-03-16 13:48:40 [INFO] Executing
2023-03-16 13:48:41 [INFO] Executing
2023-03-16 13:48:41 [INFO] Executing
2023-03-16 13:48:41 [INFO] Executing
2023-03-16 13:48:41 [INFO] Executing
2023-03-16 13:48:41 [INFO] Executing
2023-03-16 13:48:42 [INFO] Executing
2023-03-16 13:48:42 [INFO] Executing
2023-03-16 13:48:42 [INFO] Executing
2023-03-16 13:48:42 [INFO] Executing
2023-03-16 13:48:42 [INFO] Executing
2023-03-16 13:48:43 [INFO] Executing
2023-03-16 13:48:43 [INFO] Executing
2023-03-16 13:48:43 [INFO] Executing
2023-03-16 13:48:43 [INFO] Executing
2023-03-16 13:48:43 [INFO] Executing
2023-03-16 13:48:44 [INFO] Executing
2023-03-16 13:48:44 [INFO] Executing
2023-03-16 13:48:44 [INFO] Executing
2023-03-16 13:48:44 [INFO] Executing
2023-03-16 13:48:44 [INFO] Executing
2023-03-16 13:48:45 [INFO] Executing
2023-03-16 13:48:45 [INFO] Executing
2023-03-16 13:48:45 [INFO] Executing
2023-03-16 13:48:45 [INFO] Executing
2023-03-16 13:48:45 [INFO] Executing
2023-03-16 13:48:46 [INFO] Executing
2023-03-16 13:59:19 [INFO] Creating a connection function
2023-03-16 13:59:19 [INFO] Trying to establish connection
2023-03-16 14:01:07 [INFO] Creating a connection function
2023-03-16 14:01:07 [INFO] Trying to establish connection
2023-03-16 14:04:11 [INFO] Creating a connection function
2023-03-16 14:04:11 [INFO] Trying to establish connection
2023-03-16 14:04:11 [INFO] connection established
2023-03-16 14:04:11 [INFO] In the first try block
2023-03-16 14:06:00 [INFO] Creating a connection function
2023-03-16 14:06:00 [INFO] Trying to establish connection
2023-03-16 14:06:00 [INFO] connection established
2023-03-16 14:06:00 [INFO] In the first try block
